{"numFailedTestSuites":0,"numFailedTests":0,"numPassedTestSuites":1,"numPassedTests":6,"numPendingTestSuites":0,"numPendingTests":0,"numRuntimeErrorTestSuites":0,"numTotalTestSuites":1,"numTotalTests":6,"snapshot":{"added":0,"didUpdate":false,"failure":false,"filesAdded":0,"filesRemoved":0,"filesUnmatched":0,"filesUpdated":0,"matched":0,"total":0,"unchecked":0,"unmatched":0,"updated":0},"startTime":1519229166674,"success":true,"testResults":[{"assertionResults":[{"failureMessages":[],"status":"passed","title":"exists"},{"failureMessages":[],"status":"passed","title":"number formatting makes the numbers look nicer"},{"failureMessages":[],"status":"passed","title":"exists"},{"failureMessages":[],"status":"passed","title":"pads single-digit numbers with a zero"},{"failureMessages":[],"status":"passed","title":"exists"},{"failureMessages":[],"status":"passed","title":"converts a month number to a string, from 0 to 11"}],"endTime":1519229168267,"message":"","name":"/home/travis/build/thibaudcolas/react-d3-electron/src/utils/format.test.js","startTime":1519229167362,"status":"passed","summary":""}],"wasInterrupted":false,"coverageMap":{"/home/travis/build/thibaudcolas/react-d3-electron/src/utils/format.js":{"path":"/home/travis/build/thibaudcolas/react-d3-electron/src/utils/format.js","statementMap":{"0":{"start":{"line":3,"column":16},"end":{"line":3,"column":41}},"1":{"start":{"line":4,"column":2},"end":{"line":4,"column":60}},"2":{"start":{"line":6,"column":2},"end":{"line":6,"column":25}},"3":{"start":{"line":9,"column":22},"end":{"line":9,"column":59}},"4":{"start":{"line":9,"column":39},"end":{"line":9,"column":59}},"5":{"start":{"line":11,"column":21},"end":{"line":11,"column":73}},"6":{"start":{"line":11,"column":39},"end":{"line":11,"column":72}},"7":{"start":{"line":13,"column":21},"end":{"line":13,"column":61}},"8":{"start":{"line":13,"column":41},"end":{"line":13,"column":60}},"9":{"start":{"line":16,"column":2},"end":{"line":16,"column":52}},"10":{"start":{"line":20,"column":16},"end":{"line":33,"column":3}},"11":{"start":{"line":35,"column":2},"end":{"line":35,"column":28}}},"fnMap":{"0":{"name":"humanNumber","decl":{"start":{"line":2,"column":16},"end":{"line":2,"column":27}},"loc":{"start":{"line":2,"column":41},"end":{"line":7,"column":1}},"line":2},"1":{"name":"(anonymous_1)","decl":{"start":{"line":9,"column":22},"end":{"line":9,"column":23}},"loc":{"start":{"line":9,"column":39},"end":{"line":9,"column":59}},"line":9},"2":{"name":"(anonymous_2)","decl":{"start":{"line":11,"column":21},"end":{"line":11,"column":22}},"loc":{"start":{"line":11,"column":39},"end":{"line":11,"column":72}},"line":11},"3":{"name":"(anonymous_3)","decl":{"start":{"line":13,"column":21},"end":{"line":13,"column":22}},"loc":{"start":{"line":13,"column":41},"end":{"line":13,"column":60}},"line":13},"4":{"name":"padNumber","decl":{"start":{"line":15,"column":16},"end":{"line":15,"column":25}},"loc":{"start":{"line":15,"column":39},"end":{"line":17,"column":1}},"line":15},"5":{"name":"monthName","decl":{"start":{"line":19,"column":16},"end":{"line":19,"column":25}},"loc":{"start":{"line":19,"column":71},"end":{"line":36,"column":1}},"line":19}},"branchMap":{"0":{"loc":{"start":{"line":11,"column":39},"end":{"line":11,"column":72}},"type":"cond-expr","locations":[{"start":{"line":11,"column":51},"end":{"line":11,"column":58}},{"start":{"line":11,"column":61},"end":{"line":11,"column":72}}],"line":11},"1":{"loc":{"start":{"line":13,"column":41},"end":{"line":13,"column":60}},"type":"cond-expr","locations":[{"start":{"line":13,"column":48},"end":{"line":13,"column":53}},{"start":{"line":13,"column":56},"end":{"line":13,"column":60}}],"line":13},"2":{"loc":{"start":{"line":16,"column":12},"end":{"line":16,"column":43}},"type":"cond-expr","locations":[{"start":{"line":16,"column":35},"end":{"line":16,"column":38}},{"start":{"line":16,"column":41},"end":{"line":16,"column":43}}],"line":16},"3":{"loc":{"start":{"line":16,"column":12},"end":{"line":16,"column":32}},"type":"binary-expr","locations":[{"start":{"line":16,"column":12},"end":{"line":16,"column":20}},{"start":{"line":16,"column":24},"end":{"line":16,"column":32}}],"line":16},"4":{"loc":{"start":{"line":19,"column":26},"end":{"line":19,"column":69}},"type":"default-arg","locations":[{"start":{"line":19,"column":48},"end":{"line":19,"column":69}}],"line":19}},"s":{"0":7,"1":7,"2":7,"3":1,"4":0,"5":1,"6":0,"7":1,"8":0,"9":4,"10":2,"11":2},"f":{"0":7,"1":0,"2":0,"3":0,"4":4,"5":2},"b":{"0":[0,0],"1":[0,0],"2":[3,1],"3":[4,3],"4":[0]},"_coverageSchema":"332fd63041d2c1bcb487cc26dd0d5f7d97098a6c","hash":"1d347816fb3fd971031055c1882539a91397b412"},"/home/travis/build/thibaudcolas/react-d3-electron/src/components/LineChart.js":{"path":"/home/travis/build/thibaudcolas/react-d3-electron/src/components/LineChart.js","statementMap":{"0":{"start":{"line":1,"column":13},"end":{"line":1,"column":75}},"1":{"start":{"line":2,"column":9},"end":{"line":2,"column":22}},"2":{"start":{"line":2,"column":33},"end":{"line":2,"column":59}},"3":{"start":{"line":3,"column":13},"end":{"line":3,"column":31}},"4":{"start":{"line":3,"column":46},"end":{"line":3,"column":76}},"5":{"start":{"line":3,"column":115},"end":{"line":3,"column":169}},"6":{"start":{"line":7,"column":14},"end":{"line":23,"column":17}},"7":{"start":{"line":33,"column":13},"end":{"line":33,"column":30}},"8":{"start":{"line":34,"column":16},"end":{"line":34,"column":33}},"9":{"start":{"line":36,"column":4},"end":{"line":39,"column":48}},"10":{"start":{"line":41,"column":4},"end":{"line":41,"column":44}},"11":{"start":{"line":43,"column":4},"end":{"line":43,"column":43}},"12":{"start":{"line":47,"column":14},"end":{"line":52,"column":20}},"13":{"start":{"line":54,"column":14},"end":{"line":58,"column":20}},"14":{"start":{"line":60,"column":4},"end":{"line":62,"column":13}},"15":{"start":{"line":67,"column":19},"end":{"line":67,"column":40}},"16":{"start":{"line":69,"column":4},"end":{"line":69,"column":33}},"17":{"start":{"line":70,"column":4},"end":{"line":70,"column":34}},"18":{"start":{"line":74,"column":16},"end":{"line":74,"column":43}},"19":{"start":{"line":75,"column":17},"end":{"line":75,"column":44}},"20":{"start":{"line":77,"column":4},"end":{"line":82,"column":24}},"21":{"start":{"line":84,"column":4},"end":{"line":87,"column":17}},"22":{"start":{"line":91,"column":16},"end":{"line":91,"column":43}},"23":{"start":{"line":93,"column":19},"end":{"line":96,"column":23}},"24":{"start":{"line":95,"column":16},"end":{"line":95,"column":34}},"25":{"start":{"line":96,"column":11},"end":{"line":96,"column":22}},"26":{"start":{"line":98,"column":18},"end":{"line":98,"column":41}},"27":{"start":{"line":99,"column":17},"end":{"line":99,"column":58}},"28":{"start":{"line":101,"column":4},"end":{"line":105,"column":29}},"29":{"start":{"line":107,"column":4},"end":{"line":107,"column":40}},"30":{"start":{"line":109,"column":4},"end":{"line":109,"column":25}},"31":{"start":{"line":110,"column":4},"end":{"line":110,"column":32}}},"fnMap":{"0":{"name":"_interopRequireDefault","decl":{"start":{"line":3,"column":86},"end":{"line":3,"column":108}},"loc":{"start":{"line":3,"column":114},"end":{"line":3,"column":170}},"line":3},"1":{"name":"(anonymous_1)","decl":{"start":{"line":32,"column":2},"end":{"line":32,"column":3}},"loc":{"start":{"line":32,"column":11},"end":{"line":44,"column":3}},"line":32},"2":{"name":"(anonymous_2)","decl":{"start":{"line":46,"column":2},"end":{"line":46,"column":3}},"loc":{"start":{"line":46,"column":25},"end":{"line":64,"column":3}},"line":46},"3":{"name":"(anonymous_3)","decl":{"start":{"line":66,"column":2},"end":{"line":66,"column":3}},"loc":{"start":{"line":66,"column":16},"end":{"line":71,"column":3}},"line":66},"4":{"name":"(anonymous_4)","decl":{"start":{"line":73,"column":2},"end":{"line":73,"column":3}},"loc":{"start":{"line":73,"column":26},"end":{"line":88,"column":3}},"line":73},"5":{"name":"(anonymous_5)","decl":{"start":{"line":90,"column":2},"end":{"line":90,"column":3}},"loc":{"start":{"line":90,"column":27},"end":{"line":110,"column":3}},"line":90},"6":{"name":"(anonymous_6)","decl":{"start":{"line":95,"column":6},"end":{"line":95,"column":7}},"loc":{"start":{"line":95,"column":16},"end":{"line":95,"column":34}},"line":95},"7":{"name":"(anonymous_7)","decl":{"start":{"line":96,"column":6},"end":{"line":96,"column":7}},"loc":{"start":{"line":96,"column":11},"end":{"line":96,"column":22}},"line":96}},"branchMap":{"0":{"loc":{"start":{"line":3,"column":122},"end":{"line":3,"column":168}},"type":"cond-expr","locations":[{"start":{"line":3,"column":146},"end":{"line":3,"column":149}},{"start":{"line":3,"column":152},"end":{"line":3,"column":168}}],"line":3},"1":{"loc":{"start":{"line":3,"column":122},"end":{"line":3,"column":143}},"type":"binary-expr","locations":[{"start":{"line":3,"column":122},"end":{"line":3,"column":125}},{"start":{"line":3,"column":129},"end":{"line":3,"column":143}}],"line":3}},"s":{"0":0,"1":0,"2":0,"3":0,"4":0,"5":0,"6":0,"7":0,"8":0,"9":0,"10":0,"11":0,"12":0,"13":0,"14":0,"15":0,"16":0,"17":0,"18":0,"19":0,"20":0,"21":0,"22":0,"23":0,"24":0,"25":0,"26":0,"27":0,"28":0,"29":0,"30":0,"31":0},"f":{"0":0,"1":0,"2":0,"3":0,"4":0,"5":0,"6":0,"7":0},"b":{"0":[0,0],"1":[0,0]}},"/home/travis/build/thibaudcolas/react-d3-electron/src/components/ModalTrigger.js":{"path":"/home/travis/build/thibaudcolas/react-d3-electron/src/components/ModalTrigger.js","statementMap":{"0":{"start":{"line":1,"column":13},"end":{"line":1,"column":75}},"1":{"start":{"line":1,"column":94},"end":{"line":1,"column":176}},"2":{"start":{"line":2,"column":13},"end":{"line":2,"column":29}},"3":{"start":{"line":2,"column":44},"end":{"line":2,"column":74}},"4":{"start":{"line":4,"column":13},"end":{"line":4,"column":43}},"5":{"start":{"line":4,"column":58},"end":{"line":4,"column":88}},"6":{"start":{"line":4,"column":127},"end":{"line":4,"column":181}},"7":{"start":{"line":21,"column":4},"end":{"line":21,"column":17}},"8":{"start":{"line":23,"column":4},"end":{"line":24,"column":22}},"9":{"start":{"line":27,"column":4},"end":{"line":27,"column":55}},"10":{"start":{"line":31,"column":4},"end":{"line":31,"column":37}},"11":{"start":{"line":35,"column":4},"end":{"line":35,"column":30}},"12":{"start":{"line":37,"column":4},"end":{"line":37,"column":23}},"13":{"start":{"line":41,"column":4},"end":{"line":41,"column":14}},"14":{"start":{"line":41,"column":26},"end":{"line":41,"column":35}},"15":{"start":{"line":41,"column":44},"end":{"line":41,"column":56}},"16":{"start":{"line":41,"column":68},"end":{"line":41,"column":83}},"17":{"start":{"line":42,"column":13},"end":{"line":42,"column":30}},"18":{"start":{"line":44,"column":4},"end":{"line":58,"column":22}},"19":{"start":{"line":62,"column":4},"end":{"line":65,"column":13}}},"fnMap":{"0":{"name":"_interopRequireDefault","decl":{"start":{"line":4,"column":98},"end":{"line":4,"column":120}},"loc":{"start":{"line":4,"column":126},"end":{"line":4,"column":182}},"line":4},"1":{"name":"(anonymous_1)","decl":{"start":{"line":20,"column":2},"end":{"line":20,"column":3}},"loc":{"start":{"line":20,"column":21},"end":{"line":28,"column":3}},"line":20},"2":{"name":"(anonymous_2)","decl":{"start":{"line":30,"column":2},"end":{"line":30,"column":3}},"loc":{"start":{"line":30,"column":30},"end":{"line":32,"column":3}},"line":30},"3":{"name":"(anonymous_3)","decl":{"start":{"line":34,"column":2},"end":{"line":34,"column":3}},"loc":{"start":{"line":34,"column":27},"end":{"line":38,"column":3}},"line":34},"4":{"name":"(anonymous_4)","decl":{"start":{"line":40,"column":2},"end":{"line":40,"column":3}},"loc":{"start":{"line":40,"column":11},"end":{"line":62,"column":3}},"line":40}},"branchMap":{"0":{"loc":{"start":{"line":4,"column":134},"end":{"line":4,"column":180}},"type":"cond-expr","locations":[{"start":{"line":4,"column":158},"end":{"line":4,"column":161}},{"start":{"line":4,"column":164},"end":{"line":4,"column":180}}],"line":4},"1":{"loc":{"start":{"line":4,"column":134},"end":{"line":4,"column":155}},"type":"binary-expr","locations":[{"start":{"line":4,"column":134},"end":{"line":4,"column":137}},{"start":{"line":4,"column":141},"end":{"line":4,"column":155}}],"line":4}},"s":{"0":0,"1":0,"2":0,"3":0,"4":0,"5":0,"6":0,"7":0,"8":0,"9":0,"10":0,"11":0,"12":0,"13":0,"14":0,"15":0,"16":0,"17":0,"18":0,"19":0},"f":{"0":0,"1":0,"2":0,"3":0,"4":0},"b":{"0":[0,0],"1":[0,0]}},"/home/travis/build/thibaudcolas/react-d3-electron/src/components/App.js":{"path":"/home/travis/build/thibaudcolas/react-d3-electron/src/components/App.js","statementMap":{"0":{"start":{"line":1,"column":13},"end":{"line":1,"column":75}},"1":{"start":{"line":1,"column":94},"end":{"line":1,"column":167}},"2":{"start":{"line":2,"column":13},"end":{"line":2,"column":29}},"3":{"start":{"line":2,"column":44},"end":{"line":2,"column":74}},"4":{"start":{"line":4,"column":20},"end":{"line":4,"column":45}},"5":{"start":{"line":4,"column":67},"end":{"line":4,"column":104}},"6":{"start":{"line":5,"column":20},"end":{"line":5,"column":45}},"7":{"start":{"line":5,"column":67},"end":{"line":5,"column":104}},"8":{"start":{"line":6,"column":20},"end":{"line":6,"column":45}},"9":{"start":{"line":6,"column":67},"end":{"line":6,"column":104}},"10":{"start":{"line":8,"column":16},"end":{"line":8,"column":38}},"11":{"start":{"line":8,"column":56},"end":{"line":8,"column":89}},"12":{"start":{"line":11,"column":0},"end":{"line":11,"column":21}},"13":{"start":{"line":11,"column":59},"end":{"line":11,"column":113}},"14":{"start":{"line":22,"column":4},"end":{"line":22,"column":17}},"15":{"start":{"line":24,"column":4},"end":{"line":26,"column":45}},"16":{"start":{"line":29,"column":4},"end":{"line":29,"column":47}},"17":{"start":{"line":30,"column":4},"end":{"line":30,"column":47}},"18":{"start":{"line":34,"column":4},"end":{"line":35,"column":29}},"19":{"start":{"line":40,"column":4},"end":{"line":41,"column":29}},"20":{"start":{"line":46,"column":4},"end":{"line":46,"column":14}},"21":{"start":{"line":46,"column":34},"end":{"line":46,"column":51}},"22":{"start":{"line":46,"column":65},"end":{"line":46,"column":82}},"23":{"start":{"line":48,"column":4},"end":{"line":67,"column":181}},"24":{"start":{"line":71,"column":4},"end":{"line":74,"column":4}}},"fnMap":{"0":{"name":"_interopRequireDefault","decl":{"start":{"line":11,"column":30},"end":{"line":11,"column":52}},"loc":{"start":{"line":11,"column":58},"end":{"line":11,"column":114}},"line":11},"1":{"name":"(anonymous_1)","decl":{"start":{"line":21,"column":2},"end":{"line":21,"column":3}},"loc":{"start":{"line":21,"column":21},"end":{"line":31,"column":3}},"line":21},"2":{"name":"(anonymous_2)","decl":{"start":{"line":33,"column":2},"end":{"line":33,"column":3}},"loc":{"start":{"line":33,"column":21},"end":{"line":37,"column":3}},"line":33},"3":{"name":"(anonymous_3)","decl":{"start":{"line":39,"column":2},"end":{"line":39,"column":3}},"loc":{"start":{"line":39,"column":21},"end":{"line":43,"column":3}},"line":39},"4":{"name":"(anonymous_4)","decl":{"start":{"line":45,"column":2},"end":{"line":45,"column":3}},"loc":{"start":{"line":45,"column":11},"end":{"line":71,"column":3}},"line":45}},"branchMap":{"0":{"loc":{"start":{"line":11,"column":66},"end":{"line":11,"column":112}},"type":"cond-expr","locations":[{"start":{"line":11,"column":90},"end":{"line":11,"column":93}},{"start":{"line":11,"column":96},"end":{"line":11,"column":112}}],"line":11},"1":{"loc":{"start":{"line":11,"column":66},"end":{"line":11,"column":87}},"type":"binary-expr","locations":[{"start":{"line":11,"column":66},"end":{"line":11,"column":69}},{"start":{"line":11,"column":73},"end":{"line":11,"column":87}}],"line":11}},"s":{"0":0,"1":0,"2":0,"3":0,"4":0,"5":0,"6":0,"7":0,"8":0,"9":0,"10":0,"11":0,"12":0,"13":0,"14":0,"15":0,"16":0,"17":0,"18":0,"19":0,"20":0,"21":0,"22":0,"23":0,"24":0},"f":{"0":0,"1":0,"2":0,"3":0,"4":0},"b":{"0":[0,0],"1":[0,0]}},"/home/travis/build/thibaudcolas/react-d3-electron/src/components/Modal.js":{"path":"/home/travis/build/thibaudcolas/react-d3-electron/src/components/Modal.js","statementMap":{"0":{"start":{"line":1,"column":13},"end":{"line":1,"column":75}},"1":{"start":{"line":1,"column":94},"end":{"line":1,"column":169}},"2":{"start":{"line":1,"column":183},"end":{"line":1,"column":199}},"3":{"start":{"line":1,"column":214},"end":{"line":1,"column":244}},"4":{"start":{"line":2,"column":18},"end":{"line":2,"column":40}},"5":{"start":{"line":2,"column":60},"end":{"line":2,"column":95}},"6":{"start":{"line":4,"column":0},"end":{"line":4,"column":23}},"7":{"start":{"line":4,"column":61},"end":{"line":4,"column":115}},"8":{"start":{"line":7,"column":0},"end":{"line":7,"column":75}},"9":{"start":{"line":21,"column":4},"end":{"line":21,"column":17}},"10":{"start":{"line":23,"column":4},"end":{"line":23,"column":59}},"11":{"start":{"line":24,"column":4},"end":{"line":24,"column":59}},"12":{"start":{"line":27,"column":4},"end":{"line":27,"column":61}},"13":{"start":{"line":28,"column":4},"end":{"line":28,"column":61}},"14":{"start":{"line":32,"column":4},"end":{"line":32,"column":64}},"15":{"start":{"line":33,"column":4},"end":{"line":33,"column":64}},"16":{"start":{"line":37,"column":16},"end":{"line":37,"column":18}},"17":{"start":{"line":39,"column":4},"end":{"line":41,"column":5}},"18":{"start":{"line":40,"column":6},"end":{"line":40,"column":34}},"19":{"start":{"line":45,"column":22},"end":{"line":45,"column":62}},"20":{"start":{"line":46,"column":20},"end":{"line":46,"column":60}},"21":{"start":{"line":47,"column":22},"end":{"line":47,"column":64}},"22":{"start":{"line":49,"column":4},"end":{"line":51,"column":5}},"23":{"start":{"line":50,"column":6},"end":{"line":50,"column":34}},"24":{"start":{"line":55,"column":4},"end":{"line":55,"column":14}},"25":{"start":{"line":55,"column":29},"end":{"line":55,"column":41}},"26":{"start":{"line":55,"column":53},"end":{"line":55,"column":68}},"27":{"start":{"line":55,"column":78},"end":{"line":55,"column":91}},"28":{"start":{"line":55,"column":108},"end":{"line":55,"column":128}},"29":{"start":{"line":57,"column":4},"end":{"line":74,"column":161}},"30":{"start":{"line":78,"column":4},"end":{"line":81,"column":6}}},"fnMap":{"0":{"name":"_interopRequireDefault","decl":{"start":{"line":4,"column":32},"end":{"line":4,"column":54}},"loc":{"start":{"line":4,"column":60},"end":{"line":4,"column":116}},"line":4},"1":{"name":"(anonymous_1)","decl":{"start":{"line":20,"column":2},"end":{"line":20,"column":3}},"loc":{"start":{"line":20,"column":21},"end":{"line":25,"column":3}},"line":20},"2":{"name":"(anonymous_2)","decl":{"start":{"line":26,"column":2},"end":{"line":26,"column":3}},"loc":{"start":{"line":26,"column":22},"end":{"line":29,"column":3}},"line":26},"3":{"name":"(anonymous_3)","decl":{"start":{"line":31,"column":2},"end":{"line":31,"column":3}},"loc":{"start":{"line":31,"column":25},"end":{"line":34,"column":3}},"line":31},"4":{"name":"(anonymous_4)","decl":{"start":{"line":36,"column":2},"end":{"line":36,"column":3}},"loc":{"start":{"line":36,"column":21},"end":{"line":42,"column":3}},"line":36},"5":{"name":"(anonymous_5)","decl":{"start":{"line":44,"column":2},"end":{"line":44,"column":3}},"loc":{"start":{"line":44,"column":21},"end":{"line":52,"column":3}},"line":44},"6":{"name":"(anonymous_6)","decl":{"start":{"line":54,"column":2},"end":{"line":54,"column":3}},"loc":{"start":{"line":54,"column":11},"end":{"line":78,"column":3}},"line":54},"7":{"name":"(anonymous_7)","decl":{"start":{"line":62,"column":26},"end":{"line":62,"column":27}},"loc":{"start":{"line":62,"column":32},"end":{"line":62,"column":34}},"line":62}},"branchMap":{"0":{"loc":{"start":{"line":4,"column":68},"end":{"line":4,"column":114}},"type":"cond-expr","locations":[{"start":{"line":4,"column":92},"end":{"line":4,"column":95}},{"start":{"line":4,"column":98},"end":{"line":4,"column":114}}],"line":4},"1":{"loc":{"start":{"line":4,"column":68},"end":{"line":4,"column":89}},"type":"binary-expr","locations":[{"start":{"line":4,"column":68},"end":{"line":4,"column":71}},{"start":{"line":4,"column":75},"end":{"line":4,"column":89}}],"line":4},"2":{"loc":{"start":{"line":39,"column":4},"end":{"line":41,"column":5}},"type":"if","locations":[{"start":{"line":39,"column":4},"end":{"line":41,"column":5}},{"start":{"line":39,"column":4},"end":{"line":41,"column":5}}],"line":39},"3":{"loc":{"start":{"line":49,"column":4},"end":{"line":51,"column":5}},"type":"if","locations":[{"start":{"line":49,"column":4},"end":{"line":51,"column":5}},{"start":{"line":49,"column":4},"end":{"line":51,"column":5}}],"line":49},"4":{"loc":{"start":{"line":49,"column":8},"end":{"line":49,"column":43}},"type":"binary-expr","locations":[{"start":{"line":49,"column":8},"end":{"line":49,"column":17}},{"start":{"line":49,"column":21},"end":{"line":49,"column":29}},{"start":{"line":49,"column":33},"end":{"line":49,"column":43}}],"line":49}},"s":{"0":0,"1":0,"2":0,"3":0,"4":0,"5":0,"6":0,"7":0,"8":0,"9":0,"10":0,"11":0,"12":0,"13":0,"14":0,"15":0,"16":0,"17":0,"18":0,"19":0,"20":0,"21":0,"22":0,"23":0,"24":0,"25":0,"26":0,"27":0,"28":0,"29":0,"30":0},"f":{"0":0,"1":0,"2":0,"3":0,"4":0,"5":0,"6":0,"7":0},"b":{"0":[0,0],"1":[0,0],"2":[0,0],"3":[0,0],"4":[0,0,0]}},"/home/travis/build/thibaudcolas/react-d3-electron/src/components/Chart.js":{"path":"/home/travis/build/thibaudcolas/react-d3-electron/src/components/Chart.js","statementMap":{"0":{"start":{"line":1,"column":13},"end":{"line":1,"column":75}},"1":{"start":{"line":2,"column":9},"end":{"line":2,"column":22}},"2":{"start":{"line":2,"column":33},"end":{"line":2,"column":59}},"3":{"start":{"line":2,"column":98},"end":{"line":2,"column":152}},"4":{"start":{"line":4,"column":14},"end":{"line":20,"column":17}},"5":{"start":{"line":47,"column":4},"end":{"line":47,"column":17}},"6":{"start":{"line":48,"column":4},"end":{"line":48,"column":23}},"7":{"start":{"line":49,"column":4},"end":{"line":49,"column":55}},"8":{"start":{"line":62,"column":4},"end":{"line":62,"column":14}},"9":{"start":{"line":62,"column":29},"end":{"line":62,"column":41}},"10":{"start":{"line":62,"column":51},"end":{"line":62,"column":64}},"11":{"start":{"line":62,"column":74},"end":{"line":62,"column":87}},"12":{"start":{"line":64,"column":16},"end":{"line":71,"column":65}},"13":{"start":{"line":73,"column":4},"end":{"line":73,"column":15}},"14":{"start":{"line":81,"column":4},"end":{"line":81,"column":14}},"15":{"start":{"line":81,"column":30},"end":{"line":81,"column":44}},"16":{"start":{"line":81,"column":53},"end":{"line":81,"column":66}},"17":{"start":{"line":83,"column":14},"end":{"line":86,"column":37}},"18":{"start":{"line":88,"column":14},"end":{"line":92,"column":10}},"19":{"start":{"line":94,"column":4},"end":{"line":96,"column":13}},"20":{"start":{"line":109,"column":16},"end":{"line":109,"column":24}},"21":{"start":{"line":111,"column":4},"end":{"line":111,"column":30}},"22":{"start":{"line":111,"column":21},"end":{"line":111,"column":29}},"23":{"start":{"line":112,"column":4},"end":{"line":112,"column":30}},"24":{"start":{"line":114,"column":4},"end":{"line":114,"column":19}},"25":{"start":{"line":122,"column":4},"end":{"line":156,"column":7}},"26":{"start":{"line":123,"column":19},"end":{"line":123,"column":43}},"27":{"start":{"line":124,"column":20},"end":{"line":127,"column":15}},"28":{"start":{"line":128,"column":25},"end":{"line":128,"column":28}},"29":{"start":{"line":129,"column":16},"end":{"line":129,"column":30}},"30":{"start":{"line":130,"column":17},"end":{"line":130,"column":44}},"31":{"start":{"line":132,"column":17},"end":{"line":132,"column":19}},"32":{"start":{"line":133,"column":23},"end":{"line":133,"column":24}},"33":{"start":{"line":134,"column":17},"end":{"line":134,"column":28}},"34":{"start":{"line":135,"column":18},"end":{"line":140,"column":27}},"35":{"start":{"line":142,"column":6},"end":{"line":155,"column":7}},"36":{"start":{"line":143,"column":8},"end":{"line":143,"column":24}},"37":{"start":{"line":144,"column":8},"end":{"line":144,"column":35}},"38":{"start":{"line":145,"column":8},"end":{"line":145,"column":19}},"39":{"start":{"line":146,"column":8},"end":{"line":146,"column":35}},"40":{"start":{"line":147,"column":8},"end":{"line":147,"column":22}},"41":{"start":{"line":148,"column":8},"end":{"line":153,"column":19}},"42":{"start":{"line":154,"column":8},"end":{"line":154,"column":27}},"43":{"start":{"line":163,"column":4},"end":{"line":166,"column":13}},"44":{"start":{"line":167,"column":4},"end":{"line":167,"column":28}}},"fnMap":{"0":{"name":"_interopRequireDefault","decl":{"start":{"line":2,"column":69},"end":{"line":2,"column":91}},"loc":{"start":{"line":2,"column":97},"end":{"line":2,"column":153}},"line":2},"1":{"name":"(anonymous_1)","decl":{"start":{"line":46,"column":2},"end":{"line":46,"column":3}},"loc":{"start":{"line":46,"column":25},"end":{"line":50,"column":3}},"line":46},"2":{"name":"(anonymous_2)","decl":{"start":{"line":61,"column":2},"end":{"line":61,"column":3}},"loc":{"start":{"line":61,"column":15},"end":{"line":74,"column":3}},"line":61},"3":{"name":"(anonymous_3)","decl":{"start":{"line":80,"column":2},"end":{"line":80,"column":3}},"loc":{"start":{"line":80,"column":19},"end":{"line":98,"column":3}},"line":80},"4":{"name":"(anonymous_4)","decl":{"start":{"line":108,"column":2},"end":{"line":108,"column":3}},"loc":{"start":{"line":108,"column":23},"end":{"line":115,"column":3}},"line":108},"5":{"name":"(anonymous_5)","decl":{"start":{"line":111,"column":15},"end":{"line":111,"column":16}},"loc":{"start":{"line":111,"column":21},"end":{"line":111,"column":29}},"line":111},"6":{"name":"(anonymous_6)","decl":{"start":{"line":121,"column":2},"end":{"line":121,"column":3}},"loc":{"start":{"line":121,"column":23},"end":{"line":157,"column":3}},"line":121},"7":{"name":"wrap","decl":{"start":{"line":122,"column":29},"end":{"line":122,"column":33}},"loc":{"start":{"line":122,"column":36},"end":{"line":156,"column":5}},"line":122},"8":{"name":"(anonymous_8)","decl":{"start":{"line":162,"column":2},"end":{"line":162,"column":3}},"loc":{"start":{"line":162,"column":12},"end":{"line":167,"column":3}},"line":162}},"branchMap":{"0":{"loc":{"start":{"line":2,"column":105},"end":{"line":2,"column":151}},"type":"cond-expr","locations":[{"start":{"line":2,"column":129},"end":{"line":2,"column":132}},{"start":{"line":2,"column":135},"end":{"line":2,"column":151}}],"line":2},"1":{"loc":{"start":{"line":2,"column":105},"end":{"line":2,"column":126}},"type":"binary-expr","locations":[{"start":{"line":2,"column":105},"end":{"line":2,"column":108}},{"start":{"line":2,"column":112},"end":{"line":2,"column":126}}],"line":2}},"s":{"0":0,"1":0,"2":0,"3":0,"4":0,"5":0,"6":0,"7":0,"8":0,"9":0,"10":0,"11":0,"12":0,"13":0,"14":0,"15":0,"16":0,"17":0,"18":0,"19":0,"20":0,"21":0,"22":0,"23":0,"24":0,"25":0,"26":0,"27":0,"28":0,"29":0,"30":0,"31":0,"32":0,"33":0,"34":0,"35":0,"36":0,"37":0,"38":0,"39":0,"40":0,"41":0,"42":0,"43":0,"44":0},"f":{"0":0,"1":0,"2":0,"3":0,"4":0,"5":0,"6":0,"7":0,"8":0},"b":{"0":[0,0],"1":[0,0]}},"/home/travis/build/thibaudcolas/react-d3-electron/src/index.js":{"path":"/home/travis/build/thibaudcolas/react-d3-electron/src/index.js","statementMap":{"0":{"start":{"line":1,"column":32},"end":{"line":1,"column":96}},"1":{"start":{"line":2,"column":13},"end":{"line":2,"column":29}},"2":{"start":{"line":2,"column":44},"end":{"line":2,"column":74}},"3":{"start":{"line":3,"column":16},"end":{"line":3,"column":36}},"4":{"start":{"line":3,"column":54},"end":{"line":3,"column":87}},"5":{"start":{"line":5,"column":11},"end":{"line":5,"column":38}},"6":{"start":{"line":5,"column":51},"end":{"line":5,"column":79}},"7":{"start":{"line":7,"column":29},"end":{"line":7,"column":63}},"8":{"start":{"line":7,"column":94},"end":{"line":7,"column":140}},"9":{"start":{"line":9,"column":0},"end":{"line":9,"column":25}},"10":{"start":{"line":11,"column":0},"end":{"line":11,"column":34}},"11":{"start":{"line":12,"column":0},"end":{"line":12,"column":30}},"12":{"start":{"line":13,"column":0},"end":{"line":13,"column":32}},"13":{"start":{"line":14,"column":0},"end":{"line":14,"column":23}},"14":{"start":{"line":15,"column":0},"end":{"line":15,"column":33}},"15":{"start":{"line":16,"column":0},"end":{"line":16,"column":32}},"16":{"start":{"line":16,"column":70},"end":{"line":16,"column":124}},"17":{"start":{"line":18,"column":14},"end":{"line":18,"column":52}},"18":{"start":{"line":20,"column":0},"end":{"line":22,"column":1}},"19":{"start":{"line":21,"column":2},"end":{"line":21,"column":158}},"20":{"start":{"line":24,"column":0},"end":{"line":24,"column":39}}},"fnMap":{"0":{"name":"_interopRequireDefault","decl":{"start":{"line":16,"column":41},"end":{"line":16,"column":63}},"loc":{"start":{"line":16,"column":69},"end":{"line":16,"column":125}},"line":16}},"branchMap":{"0":{"loc":{"start":{"line":16,"column":77},"end":{"line":16,"column":123}},"type":"cond-expr","locations":[{"start":{"line":16,"column":101},"end":{"line":16,"column":104}},{"start":{"line":16,"column":107},"end":{"line":16,"column":123}}],"line":16},"1":{"loc":{"start":{"line":16,"column":77},"end":{"line":16,"column":98}},"type":"binary-expr","locations":[{"start":{"line":16,"column":77},"end":{"line":16,"column":80}},{"start":{"line":16,"column":84},"end":{"line":16,"column":98}}],"line":16},"2":{"loc":{"start":{"line":20,"column":0},"end":{"line":22,"column":1}},"type":"if","locations":[{"start":{"line":20,"column":0},"end":{"line":22,"column":1}},{"start":{"line":20,"column":0},"end":{"line":22,"column":1}}],"line":20}},"s":{"0":0,"1":0,"2":0,"3":0,"4":0,"5":0,"6":0,"7":0,"8":0,"9":0,"10":0,"11":0,"12":0,"13":0,"14":0,"15":0,"16":0,"17":0,"18":0,"19":0,"20":0},"f":{"0":0},"b":{"0":[0,0],"1":[0,0],"2":[0,0]}},"/home/travis/build/thibaudcolas/react-d3-electron/src/components/Autocomplete.js":{"path":"/home/travis/build/thibaudcolas/react-d3-electron/src/components/Autocomplete.js","statementMap":{"0":{"start":{"line":1,"column":13},"end":{"line":1,"column":75}},"1":{"start":{"line":1,"column":94},"end":{"line":1,"column":176}},"2":{"start":{"line":2,"column":13},"end":{"line":2,"column":29}},"3":{"start":{"line":2,"column":44},"end":{"line":2,"column":74}},"4":{"start":{"line":3,"column":24},"end":{"line":3,"column":52}},"5":{"start":{"line":3,"column":78},"end":{"line":3,"column":119}},"6":{"start":{"line":5,"column":21},"end":{"line":5,"column":47}},"7":{"start":{"line":5,"column":70},"end":{"line":5,"column":108}},"8":{"start":{"line":7,"column":16},"end":{"line":7,"column":38}},"9":{"start":{"line":7,"column":56},"end":{"line":7,"column":89}},"10":{"start":{"line":10,"column":0},"end":{"line":10,"column":30}},"11":{"start":{"line":10,"column":68},"end":{"line":10,"column":122}},"12":{"start":{"line":27,"column":4},"end":{"line":27,"column":17}},"13":{"start":{"line":29,"column":4},"end":{"line":40,"column":18}},"14":{"start":{"line":43,"column":4},"end":{"line":43,"column":65}},"15":{"start":{"line":44,"column":4},"end":{"line":44,"column":53}},"16":{"start":{"line":45,"column":4},"end":{"line":45,"column":61}},"17":{"start":{"line":46,"column":4},"end":{"line":46,"column":49}},"18":{"start":{"line":47,"column":4},"end":{"line":47,"column":61}},"19":{"start":{"line":48,"column":4},"end":{"line":48,"column":65}},"20":{"start":{"line":49,"column":4},"end":{"line":49,"column":71}},"21":{"start":{"line":53,"column":25},"end":{"line":53,"column":77}},"22":{"start":{"line":55,"column":4},"end":{"line":59,"column":5}},"23":{"start":{"line":56,"column":6},"end":{"line":58,"column":14}},"24":{"start":{"line":57,"column":8},"end":{"line":57,"column":29}},"25":{"start":{"line":63,"column":4},"end":{"line":63,"column":28}},"26":{"start":{"line":67,"column":4},"end":{"line":73,"column":5}},"27":{"start":{"line":68,"column":20},"end":{"line":68,"column":35}},"28":{"start":{"line":70,"column":6},"end":{"line":71,"column":24}},"29":{"start":{"line":77,"column":4},"end":{"line":100,"column":5}},"30":{"start":{"line":78,"column":22},"end":{"line":78,"column":56}},"31":{"start":{"line":80,"column":6},"end":{"line":96,"column":70}},"32":{"start":{"line":88,"column":10},"end":{"line":88,"column":49}},"33":{"start":{"line":88,"column":30},"end":{"line":88,"column":48}},"34":{"start":{"line":96,"column":32},"end":{"line":96,"column":62}},"35":{"start":{"line":109,"column":15},"end":{"line":109,"column":34}},"36":{"start":{"line":110,"column":4},"end":{"line":110,"column":35}},"37":{"start":{"line":121,"column":4},"end":{"line":126,"column":139}},"38":{"start":{"line":133,"column":4},"end":{"line":133,"column":139}},"39":{"start":{"line":140,"column":4},"end":{"line":140,"column":31}},"40":{"start":{"line":144,"column":11},"end":{"line":144,"column":26}},"41":{"start":{"line":145,"column":4},"end":{"line":145,"column":14}},"42":{"start":{"line":145,"column":35},"end":{"line":145,"column":53}},"43":{"start":{"line":145,"column":62},"end":{"line":145,"column":74}},"44":{"start":{"line":147,"column":4},"end":{"line":163,"column":98}},"45":{"start":{"line":167,"column":4},"end":{"line":170,"column":13}}},"fnMap":{"0":{"name":"_interopRequireDefault","decl":{"start":{"line":10,"column":39},"end":{"line":10,"column":61}},"loc":{"start":{"line":10,"column":67},"end":{"line":10,"column":123}},"line":10},"1":{"name":"(anonymous_1)","decl":{"start":{"line":26,"column":2},"end":{"line":26,"column":3}},"loc":{"start":{"line":26,"column":21},"end":{"line":50,"column":3}},"line":26},"2":{"name":"(anonymous_2)","decl":{"start":{"line":52,"column":2},"end":{"line":52,"column":3}},"loc":{"start":{"line":52,"column":22},"end":{"line":60,"column":3}},"line":52},"3":{"name":"(anonymous_3)","decl":{"start":{"line":56,"column":17},"end":{"line":56,"column":18}},"loc":{"start":{"line":56,"column":23},"end":{"line":58,"column":7}},"line":56},"4":{"name":"(anonymous_4)","decl":{"start":{"line":62,"column":2},"end":{"line":62,"column":3}},"loc":{"start":{"line":62,"column":33},"end":{"line":64,"column":3}},"line":62},"5":{"name":"(anonymous_5)","decl":{"start":{"line":66,"column":2},"end":{"line":66,"column":3}},"loc":{"start":{"line":66,"column":26},"end":{"line":74,"column":3}},"line":66},"6":{"name":"(anonymous_6)","decl":{"start":{"line":76,"column":2},"end":{"line":76,"column":3}},"loc":{"start":{"line":76,"column":27},"end":{"line":101,"column":3}},"line":76},"7":{"name":"(anonymous_7)","decl":{"start":{"line":87,"column":35},"end":{"line":87,"column":36}},"loc":{"start":{"line":88,"column":10},"end":{"line":88,"column":49}},"line":88},"8":{"name":"(anonymous_8)","decl":{"start":{"line":88,"column":23},"end":{"line":88,"column":24}},"loc":{"start":{"line":88,"column":30},"end":{"line":88,"column":48}},"line":88},"9":{"name":"(anonymous_9)","decl":{"start":{"line":96,"column":22},"end":{"line":96,"column":23}},"loc":{"start":{"line":96,"column":32},"end":{"line":96,"column":62}},"line":96},"10":{"name":"(anonymous_10)","decl":{"start":{"line":103,"column":2},"end":{"line":103,"column":3}},"loc":{"start":{"line":108,"column":2},"end":{"line":111,"column":3}},"line":108},"11":{"name":"(anonymous_11)","decl":{"start":{"line":113,"column":2},"end":{"line":113,"column":3}},"loc":{"start":{"line":120,"column":2},"end":{"line":130,"column":3}},"line":120},"12":{"name":"(anonymous_12)","decl":{"start":{"line":132,"column":2},"end":{"line":132,"column":3}},"loc":{"start":{"line":132,"column":30},"end":{"line":134,"column":3}},"line":132},"13":{"name":"(anonymous_13)","decl":{"start":{"line":136,"column":2},"end":{"line":136,"column":3}},"loc":{"start":{"line":139,"column":2},"end":{"line":141,"column":3}},"line":139},"14":{"name":"(anonymous_14)","decl":{"start":{"line":143,"column":2},"end":{"line":143,"column":3}},"loc":{"start":{"line":143,"column":11},"end":{"line":167,"column":3}},"line":143}},"branchMap":{"0":{"loc":{"start":{"line":10,"column":75},"end":{"line":10,"column":121}},"type":"cond-expr","locations":[{"start":{"line":10,"column":99},"end":{"line":10,"column":102}},{"start":{"line":10,"column":105},"end":{"line":10,"column":121}}],"line":10},"1":{"loc":{"start":{"line":10,"column":75},"end":{"line":10,"column":96}},"type":"binary-expr","locations":[{"start":{"line":10,"column":75},"end":{"line":10,"column":78}},{"start":{"line":10,"column":82},"end":{"line":10,"column":96}}],"line":10},"2":{"loc":{"start":{"line":55,"column":4},"end":{"line":59,"column":5}},"type":"if","locations":[{"start":{"line":55,"column":4},"end":{"line":59,"column":5}},{"start":{"line":55,"column":4},"end":{"line":59,"column":5}}],"line":55},"3":{"loc":{"start":{"line":67,"column":4},"end":{"line":73,"column":5}},"type":"if","locations":[{"start":{"line":67,"column":4},"end":{"line":73,"column":5}},{"start":{"line":67,"column":4},"end":{"line":73,"column":5}}],"line":67},"4":{"loc":{"start":{"line":77,"column":4},"end":{"line":100,"column":5}},"type":"if","locations":[{"start":{"line":77,"column":4},"end":{"line":100,"column":5}},{"start":{"line":77,"column":4},"end":{"line":100,"column":5}}],"line":77},"5":{"loc":{"start":{"line":85,"column":10},"end":{"line":88,"column":50}},"type":"cond-expr","locations":[{"start":{"line":85,"column":33},"end":{"line":85,"column":50}},{"start":{"line":87,"column":10},"end":{"line":88,"column":50}}],"line":85},"6":{"loc":{"start":{"line":94,"column":10},"end":{"line":96,"column":63}},"type":"cond-expr","locations":[{"start":{"line":94,"column":33},"end":{"line":94,"column":47}},{"start":{"line":96,"column":10},"end":{"line":96,"column":63}}],"line":94},"7":{"loc":{"start":{"line":123,"column":8},"end":{"line":126,"column":136}},"type":"cond-expr","locations":[{"start":{"line":124,"column":8},"end":{"line":124,"column":177}},{"start":{"line":126,"column":8},"end":{"line":126,"column":136}}],"line":123}},"s":{"0":0,"1":0,"2":0,"3":0,"4":0,"5":0,"6":0,"7":0,"8":0,"9":0,"10":0,"11":0,"12":0,"13":0,"14":0,"15":0,"16":0,"17":0,"18":0,"19":0,"20":0,"21":0,"22":0,"23":0,"24":0,"25":0,"26":0,"27":0,"28":0,"29":0,"30":0,"31":0,"32":0,"33":0,"34":0,"35":0,"36":0,"37":0,"38":0,"39":0,"40":0,"41":0,"42":0,"43":0,"44":0,"45":0},"f":{"0":0,"1":0,"2":0,"3":0,"4":0,"5":0,"6":0,"7":0,"8":0,"9":0,"10":0,"11":0,"12":0,"13":0,"14":0},"b":{"0":[0,0],"1":[0,0],"2":[0,0],"3":[0,0],"4":[0,0],"5":[0,0],"6":[0,0],"7":[0,0]}},"/home/travis/build/thibaudcolas/react-d3-electron/src/components/ExampleChart.js":{"path":"/home/travis/build/thibaudcolas/react-d3-electron/src/components/ExampleChart.js","statementMap":{"0":{"start":{"line":1,"column":13},"end":{"line":1,"column":75}},"1":{"start":{"line":1,"column":94},"end":{"line":1,"column":176}},"2":{"start":{"line":2,"column":13},"end":{"line":2,"column":29}},"3":{"start":{"line":2,"column":44},"end":{"line":2,"column":74}},"4":{"start":{"line":3,"column":16},"end":{"line":3,"column":36}},"5":{"start":{"line":3,"column":54},"end":{"line":3,"column":87}},"6":{"start":{"line":5,"column":17},"end":{"line":5,"column":39}},"7":{"start":{"line":5,"column":58},"end":{"line":5,"column":92}},"8":{"start":{"line":5,"column":131},"end":{"line":5,"column":185}},"9":{"start":{"line":24,"column":4},"end":{"line":24,"column":17}},"10":{"start":{"line":26,"column":4},"end":{"line":27,"column":20}},"11":{"start":{"line":30,"column":4},"end":{"line":30,"column":55}},"12":{"start":{"line":35,"column":4},"end":{"line":35,"column":23}},"13":{"start":{"line":40,"column":12},"end":{"line":40,"column":28}},"14":{"start":{"line":42,"column":4},"end":{"line":44,"column":5}},"15":{"start":{"line":43,"column":6},"end":{"line":43,"column":50}},"16":{"start":{"line":46,"column":4},"end":{"line":46,"column":17}},"17":{"start":{"line":51,"column":12},"end":{"line":51,"column":28}},"18":{"start":{"line":53,"column":4},"end":{"line":55,"column":5}},"19":{"start":{"line":54,"column":6},"end":{"line":54,"column":22}},"20":{"start":{"line":59,"column":4},"end":{"line":60,"column":25}},"21":{"start":{"line":65,"column":4},"end":{"line":69,"column":82}},"22":{"start":{"line":68,"column":10},"end":{"line":68,"column":29}},"23":{"start":{"line":75,"column":12},"end":{"line":75,"column":28}},"24":{"start":{"line":76,"column":15},"end":{"line":76,"column":57}},"25":{"start":{"line":78,"column":4},"end":{"line":80,"column":5}},"26":{"start":{"line":79,"column":6},"end":{"line":79,"column":13}},"27":{"start":{"line":82,"column":4},"end":{"line":84,"column":5}},"28":{"start":{"line":83,"column":6},"end":{"line":83,"column":22}},"29":{"start":{"line":86,"column":19},"end":{"line":90,"column":15}},"30":{"start":{"line":93,"column":20},"end":{"line":93,"column":49}},"31":{"start":{"line":94,"column":21},"end":{"line":94,"column":34}},"32":{"start":{"line":96,"column":23},"end":{"line":99,"column":53}},"33":{"start":{"line":103,"column":4},"end":{"line":116,"column":7}},"34":{"start":{"line":108,"column":14},"end":{"line":108,"column":30}},"35":{"start":{"line":110,"column":6},"end":{"line":115,"column":7}},"36":{"start":{"line":111,"column":8},"end":{"line":111,"column":23}},"37":{"start":{"line":112,"column":8},"end":{"line":112,"column":43}},"38":{"start":{"line":114,"column":8},"end":{"line":114,"column":35}},"39":{"start":{"line":118,"column":4},"end":{"line":121,"column":13}}},"fnMap":{"0":{"name":"_interopRequireDefault","decl":{"start":{"line":5,"column":102},"end":{"line":5,"column":124}},"loc":{"start":{"line":5,"column":130},"end":{"line":5,"column":186}},"line":5},"1":{"name":"(anonymous_1)","decl":{"start":{"line":23,"column":2},"end":{"line":23,"column":3}},"loc":{"start":{"line":23,"column":21},"end":{"line":31,"column":3}},"line":23},"2":{"name":"(anonymous_2)","decl":{"start":{"line":33,"column":2},"end":{"line":33,"column":3}},"loc":{"start":{"line":33,"column":22},"end":{"line":36,"column":3}},"line":33},"3":{"name":"(anonymous_3)","decl":{"start":{"line":39,"column":2},"end":{"line":39,"column":3}},"loc":{"start":{"line":39,"column":35},"end":{"line":47,"column":3}},"line":39},"4":{"name":"(anonymous_4)","decl":{"start":{"line":50,"column":2},"end":{"line":50,"column":3}},"loc":{"start":{"line":50,"column":25},"end":{"line":56,"column":3}},"line":50},"5":{"name":"(anonymous_5)","decl":{"start":{"line":58,"column":2},"end":{"line":58,"column":3}},"loc":{"start":{"line":58,"column":36},"end":{"line":62,"column":3}},"line":58},"6":{"name":"(anonymous_6)","decl":{"start":{"line":64,"column":2},"end":{"line":64,"column":3}},"loc":{"start":{"line":64,"column":11},"end":{"line":72,"column":3}},"line":64},"7":{"name":"(anonymous_7)","decl":{"start":{"line":67,"column":13},"end":{"line":67,"column":14}},"loc":{"start":{"line":67,"column":22},"end":{"line":69,"column":9}},"line":67},"8":{"name":"(anonymous_8)","decl":{"start":{"line":74,"column":2},"end":{"line":74,"column":3}},"loc":{"start":{"line":74,"column":16},"end":{"line":118,"column":3}},"line":74},"9":{"name":"(anonymous_9)","decl":{"start":{"line":107,"column":4},"end":{"line":107,"column":5}},"loc":{"start":{"line":107,"column":10},"end":{"line":116,"column":5}},"line":107}},"branchMap":{"0":{"loc":{"start":{"line":5,"column":138},"end":{"line":5,"column":184}},"type":"cond-expr","locations":[{"start":{"line":5,"column":162},"end":{"line":5,"column":165}},{"start":{"line":5,"column":168},"end":{"line":5,"column":184}}],"line":5},"1":{"loc":{"start":{"line":5,"column":138},"end":{"line":5,"column":159}},"type":"binary-expr","locations":[{"start":{"line":5,"column":138},"end":{"line":5,"column":141}},{"start":{"line":5,"column":145},"end":{"line":5,"column":159}}],"line":5},"2":{"loc":{"start":{"line":42,"column":4},"end":{"line":44,"column":5}},"type":"if","locations":[{"start":{"line":42,"column":4},"end":{"line":44,"column":5}},{"start":{"line":42,"column":4},"end":{"line":44,"column":5}}],"line":42},"3":{"loc":{"start":{"line":53,"column":4},"end":{"line":55,"column":5}},"type":"if","locations":[{"start":{"line":53,"column":4},"end":{"line":55,"column":5}},{"start":{"line":53,"column":4},"end":{"line":55,"column":5}}],"line":53},"4":{"loc":{"start":{"line":58,"column":16},"end":{"line":58,"column":34}},"type":"default-arg","locations":[{"start":{"line":58,"column":24},"end":{"line":58,"column":34}}],"line":58},"5":{"loc":{"start":{"line":78,"column":4},"end":{"line":80,"column":5}},"type":"if","locations":[{"start":{"line":78,"column":4},"end":{"line":80,"column":5}},{"start":{"line":78,"column":4},"end":{"line":80,"column":5}}],"line":78},"6":{"loc":{"start":{"line":78,"column":8},"end":{"line":78,"column":77}},"type":"binary-expr","locations":[{"start":{"line":78,"column":8},"end":{"line":78,"column":11}},{"start":{"line":78,"column":15},"end":{"line":78,"column":49}},{"start":{"line":78,"column":53},"end":{"line":78,"column":77}}],"line":78},"7":{"loc":{"start":{"line":82,"column":4},"end":{"line":84,"column":5}},"type":"if","locations":[{"start":{"line":82,"column":4},"end":{"line":84,"column":5}},{"start":{"line":82,"column":4},"end":{"line":84,"column":5}}],"line":82},"8":{"loc":{"start":{"line":110,"column":6},"end":{"line":115,"column":7}},"type":"if","locations":[{"start":{"line":110,"column":6},"end":{"line":115,"column":7}},{"start":{"line":110,"column":6},"end":{"line":115,"column":7}}],"line":110}},"s":{"0":0,"1":0,"2":0,"3":0,"4":0,"5":0,"6":0,"7":0,"8":0,"9":0,"10":0,"11":0,"12":0,"13":0,"14":0,"15":0,"16":0,"17":0,"18":0,"19":0,"20":0,"21":0,"22":0,"23":0,"24":0,"25":0,"26":0,"27":0,"28":0,"29":0,"30":0,"31":0,"32":0,"33":0,"34":0,"35":0,"36":0,"37":0,"38":0,"39":0},"f":{"0":0,"1":0,"2":0,"3":0,"4":0,"5":0,"6":0,"7":0,"8":0,"9":0},"b":{"0":[0,0],"1":[0,0],"2":[0,0],"3":[0,0],"4":[0],"5":[0,0],"6":[0,0,0],"7":[0,0],"8":[0,0]}},"/home/travis/build/thibaudcolas/react-d3-electron/src/components/TextHighlight.js":{"path":"/home/travis/build/thibaudcolas/react-d3-electron/src/components/TextHighlight.js","statementMap":{"0":{"start":{"line":1,"column":13},"end":{"line":1,"column":75}},"1":{"start":{"line":1,"column":94},"end":{"line":1,"column":177}},"2":{"start":{"line":2,"column":13},"end":{"line":2,"column":29}},"3":{"start":{"line":2,"column":44},"end":{"line":2,"column":74}},"4":{"start":{"line":2,"column":113},"end":{"line":2,"column":167}},"5":{"start":{"line":11,"column":13},"end":{"line":34,"column":1}},"6":{"start":{"line":17,"column":15},"end":{"line":17,"column":42}},"7":{"start":{"line":18,"column":15},"end":{"line":18,"column":18}},"8":{"start":{"line":20,"column":2},"end":{"line":22,"column":3}},"9":{"start":{"line":21,"column":4},"end":{"line":21,"column":15}},"10":{"start":{"line":24,"column":2},"end":{"line":31,"column":5}},"11":{"start":{"line":24,"column":19},"end":{"line":24,"column":27}},"12":{"start":{"line":25,"column":17},"end":{"line":25,"column":58}},"13":{"start":{"line":26,"column":17},"end":{"line":26,"column":34}},"14":{"start":{"line":28,"column":4},"end":{"line":28,"column":32}},"15":{"start":{"line":30,"column":4},"end":{"line":30,"column":58}},"16":{"start":{"line":33,"column":2},"end":{"line":33,"column":16}},"17":{"start":{"line":36,"column":22},"end":{"line":40,"column":135}},"18":{"start":{"line":37,"column":0},"end":{"line":40,"column":135}},"19":{"start":{"line":45,"column":0},"end":{"line":49,"column":25}},"20":{"start":{"line":49,"column":25},"end":{"line":52,"column":14}}},"fnMap":{"0":{"name":"_interopRequireDefault","decl":{"start":{"line":2,"column":84},"end":{"line":2,"column":106}},"loc":{"start":{"line":2,"column":112},"end":{"line":2,"column":168}},"line":2},"1":{"name":"(anonymous_1)","decl":{"start":{"line":11,"column":13},"end":{"line":11,"column":14}},"loc":{"start":{"line":16,"column":0},"end":{"line":34,"column":1}},"line":16},"2":{"name":"(anonymous_2)","decl":{"start":{"line":24,"column":14},"end":{"line":24,"column":15}},"loc":{"start":{"line":24,"column":19},"end":{"line":24,"column":27}},"line":24},"3":{"name":"(anonymous_3)","decl":{"start":{"line":24,"column":37},"end":{"line":24,"column":38}},"loc":{"start":{"line":24,"column":42},"end":{"line":31,"column":3}},"line":24},"4":{"name":"(anonymous_4)","decl":{"start":{"line":36,"column":22},"end":{"line":36,"column":23}},"loc":{"start":{"line":37,"column":0},"end":{"line":40,"column":135}},"line":37}},"branchMap":{"0":{"loc":{"start":{"line":2,"column":120},"end":{"line":2,"column":166}},"type":"cond-expr","locations":[{"start":{"line":2,"column":144},"end":{"line":2,"column":147}},{"start":{"line":2,"column":150},"end":{"line":2,"column":166}}],"line":2},"1":{"loc":{"start":{"line":2,"column":120},"end":{"line":2,"column":141}},"type":"binary-expr","locations":[{"start":{"line":2,"column":120},"end":{"line":2,"column":123}},{"start":{"line":2,"column":127},"end":{"line":2,"column":141}}],"line":2},"2":{"loc":{"start":{"line":17,"column":15},"end":{"line":17,"column":42}},"type":"cond-expr","locations":[{"start":{"line":17,"column":21},"end":{"line":17,"column":35}},{"start":{"line":17,"column":38},"end":{"line":17,"column":42}}],"line":17},"3":{"loc":{"start":{"line":20,"column":2},"end":{"line":22,"column":3}},"type":"if","locations":[{"start":{"line":20,"column":2},"end":{"line":22,"column":3}},{"start":{"line":20,"column":2},"end":{"line":22,"column":3}}],"line":20},"4":{"loc":{"start":{"line":28,"column":14},"end":{"line":28,"column":31}},"type":"binary-expr","locations":[{"start":{"line":28,"column":14},"end":{"line":28,"column":21}},{"start":{"line":28,"column":25},"end":{"line":28,"column":31}}],"line":28}},"s":{"0":0,"1":0,"2":0,"3":0,"4":0,"5":0,"6":0,"7":0,"8":0,"9":0,"10":0,"11":0,"12":0,"13":0,"14":0,"15":0,"16":0,"17":0,"18":0,"19":0,"20":0},"f":{"0":0,"1":0,"2":0,"3":0,"4":0},"b":{"0":[0,0],"1":[0,0],"2":[0,0],"3":[0,0],"4":[0,0]}},"/home/travis/build/thibaudcolas/react-d3-electron/src/registerServiceWorker.js":{"path":"/home/travis/build/thibaudcolas/react-d3-electron/src/registerServiceWorker.js","statementMap":{"0":{"start":{"line":1,"column":13},"end":{"line":1,"column":75}},"1":{"start":{"line":1,"column":75},"end":{"line":21,"column":9}},"2":{"start":{"line":21,"column":9},"end":{"line":111,"column":24}},"3":{"start":{"line":118,"column":20},"end":{"line":120,"column":89}},"4":{"start":{"line":120,"column":111},"end":{"line":128,"column":36}},"5":{"start":{"line":121,"column":22},"end":{"line":121,"column":70}},"6":{"start":{"line":121,"column":71},"end":{"line":124,"column":14}},"7":{"start":{"line":124,"column":6},"end":{"line":124,"column":13}},"8":{"start":{"line":124,"column":14},"end":{"line":128,"column":35}},"9":{"start":{"line":124,"column":67},"end":{"line":124,"column":112}},"10":{"start":{"line":124,"column":113},"end":{"line":128,"column":32}},"11":{"start":{"line":125,"column":8},"end":{"line":125,"column":39}},"12":{"start":{"line":127,"column":8},"end":{"line":127,"column":178}},"13":{"start":{"line":127,"column":50},"end":{"line":127,"column":175}},"14":{"start":{"line":128,"column":8},"end":{"line":128,"column":31}},"15":{"start":{"line":128,"column":70},"end":{"line":135,"column":156}},"16":{"start":{"line":128,"column":132},"end":{"line":135,"column":68}},"17":{"start":{"line":128,"column":193},"end":{"line":128,"column":216}},"18":{"start":{"line":128,"column":217},"end":{"line":135,"column":66}},"19":{"start":{"line":128,"column":257},"end":{"line":135,"column":64}},"20":{"start":{"line":128,"column":302},"end":{"line":135,"column":63}},"21":{"start":{"line":132,"column":12},"end":{"line":132,"column":69}},"22":{"start":{"line":135,"column":12},"end":{"line":135,"column":62}},"23":{"start":{"line":135,"column":87},"end":{"line":135,"column":153}},"24":{"start":{"line":136,"column":2},"end":{"line":139,"column":126}},"25":{"start":{"line":137,"column":4},"end":{"line":139,"column":30}},"26":{"start":{"line":138,"column":6},"end":{"line":138,"column":127}},"27":{"start":{"line":138,"column":58},"end":{"line":138,"column":124}},"28":{"start":{"line":138,"column":96},"end":{"line":138,"column":121}},"29":{"start":{"line":139,"column":6},"end":{"line":139,"column":29}},"30":{"start":{"line":139,"column":46},"end":{"line":139,"column":123}},"31":{"start":{"line":139,"column":150},"end":{"line":139,"column":267}},"32":{"start":{"line":139,"column":185},"end":{"line":139,"column":266}},"33":{"start":{"line":139,"column":237},"end":{"line":139,"column":263}}},"fnMap":{"0":{"name":"register","decl":{"start":{"line":120,"column":99},"end":{"line":120,"column":107}},"loc":{"start":{"line":120,"column":110},"end":{"line":128,"column":37}},"line":120},"1":{"name":"(anonymous_1)","decl":{"start":{"line":124,"column":46},"end":{"line":124,"column":47}},"loc":{"start":{"line":124,"column":52},"end":{"line":128,"column":33}},"line":124},"2":{"name":"(anonymous_2)","decl":{"start":{"line":127,"column":43},"end":{"line":127,"column":44}},"loc":{"start":{"line":127,"column":49},"end":{"line":127,"column":176}},"line":127},"3":{"name":"registerValidSW","decl":{"start":{"line":128,"column":46},"end":{"line":128,"column":61}},"loc":{"start":{"line":128,"column":69},"end":{"line":135,"column":157}},"line":128},"4":{"name":"(anonymous_4)","decl":{"start":{"line":128,"column":115},"end":{"line":128,"column":116}},"loc":{"start":{"line":128,"column":131},"end":{"line":135,"column":69}},"line":128},"5":{"name":"(anonymous_5)","decl":{"start":{"line":128,"column":161},"end":{"line":128,"column":162}},"loc":{"start":{"line":128,"column":167},"end":{"line":135,"column":67}},"line":128},"6":{"name":"(anonymous_6)","decl":{"start":{"line":128,"column":250},"end":{"line":128,"column":251}},"loc":{"start":{"line":128,"column":256},"end":{"line":135,"column":65}},"line":128},"7":{"name":"(anonymous_7)","decl":{"start":{"line":135,"column":77},"end":{"line":135,"column":78}},"loc":{"start":{"line":135,"column":86},"end":{"line":135,"column":154}},"line":135},"8":{"name":"checkValidServiceWorker","decl":{"start":{"line":135,"column":166},"end":{"line":135,"column":189}},"loc":{"start":{"line":135,"column":197},"end":{"line":139,"column":127}},"line":135},"9":{"name":"(anonymous_9)","decl":{"start":{"line":136,"column":20},"end":{"line":136,"column":21}},"loc":{"start":{"line":136,"column":32},"end":{"line":139,"column":31}},"line":136},"10":{"name":"(anonymous_10)","decl":{"start":{"line":138,"column":41},"end":{"line":138,"column":42}},"loc":{"start":{"line":138,"column":57},"end":{"line":138,"column":125}},"line":138},"11":{"name":"(anonymous_11)","decl":{"start":{"line":138,"column":89},"end":{"line":138,"column":90}},"loc":{"start":{"line":138,"column":95},"end":{"line":138,"column":122}},"line":138},"12":{"name":"(anonymous_12)","decl":{"start":{"line":139,"column":39},"end":{"line":139,"column":40}},"loc":{"start":{"line":139,"column":45},"end":{"line":139,"column":124}},"line":139},"13":{"name":"unregister","decl":{"start":{"line":139,"column":136},"end":{"line":139,"column":146}},"loc":{"start":{"line":139,"column":149},"end":{"line":139,"column":268}},"line":139},"14":{"name":"(anonymous_14)","decl":{"start":{"line":139,"column":220},"end":{"line":139,"column":221}},"loc":{"start":{"line":139,"column":236},"end":{"line":139,"column":264}},"line":139}},"branchMap":{"0":{"loc":{"start":{"line":118,"column":28},"end":{"line":120,"column":88}},"type":"binary-expr","locations":[{"start":{"line":118,"column":28},"end":{"line":118,"column":68}},{"start":{"line":119,"column":0},"end":{"line":119,"column":36}},{"start":{"line":120,"column":0},"end":{"line":120,"column":88}}],"line":118},"1":{"loc":{"start":{"line":120,"column":111},"end":{"line":128,"column":36}},"type":"if","locations":[{"start":{"line":120,"column":111},"end":{"line":128,"column":36}},{"start":{"line":120,"column":111},"end":{"line":128,"column":36}}],"line":120},"2":{"loc":{"start":{"line":120,"column":115},"end":{"line":120,"column":184}},"type":"binary-expr","locations":[{"start":{"line":120,"column":115},"end":{"line":120,"column":152}},{"start":{"line":120,"column":156},"end":{"line":120,"column":184}}],"line":120},"3":{"loc":{"start":{"line":121,"column":71},"end":{"line":124,"column":14}},"type":"if","locations":[{"start":{"line":121,"column":71},"end":{"line":124,"column":14}},{"start":{"line":121,"column":71},"end":{"line":124,"column":14}}],"line":121},"4":{"loc":{"start":{"line":124,"column":113},"end":{"line":128,"column":32}},"type":"if","locations":[{"start":{"line":124,"column":113},"end":{"line":128,"column":32}},{"start":{"line":124,"column":113},"end":{"line":128,"column":32}}],"line":124},"5":{"loc":{"start":{"line":128,"column":257},"end":{"line":135,"column":64}},"type":"if","locations":[{"start":{"line":128,"column":257},"end":{"line":135,"column":64}},{"start":{"line":128,"column":257},"end":{"line":135,"column":64}}],"line":128},"6":{"loc":{"start":{"line":128,"column":302},"end":{"line":135,"column":63}},"type":"if","locations":[{"start":{"line":128,"column":302},"end":{"line":135,"column":63}},{"start":{"line":128,"column":302},"end":{"line":135,"column":63}}],"line":128},"7":{"loc":{"start":{"line":137,"column":4},"end":{"line":139,"column":30}},"type":"if","locations":[{"start":{"line":137,"column":4},"end":{"line":139,"column":30}},{"start":{"line":137,"column":4},"end":{"line":139,"column":30}}],"line":137},"8":{"loc":{"start":{"line":137,"column":8},"end":{"line":137,"column":100}},"type":"binary-expr","locations":[{"start":{"line":137,"column":8},"end":{"line":137,"column":31}},{"start":{"line":137,"column":35},"end":{"line":137,"column":100}}],"line":137},"9":{"loc":{"start":{"line":139,"column":150},"end":{"line":139,"column":267}},"type":"if","locations":[{"start":{"line":139,"column":150},"end":{"line":139,"column":267}},{"start":{"line":139,"column":150},"end":{"line":139,"column":267}}],"line":139}},"s":{"0":0,"1":0,"2":0,"3":0,"4":0,"5":0,"6":0,"7":0,"8":0,"9":0,"10":0,"11":0,"12":0,"13":0,"14":0,"15":0,"16":0,"17":0,"18":0,"19":0,"20":0,"21":0,"22":0,"23":0,"24":0,"25":0,"26":0,"27":0,"28":0,"29":0,"30":0,"31":0,"32":0,"33":0},"f":{"0":0,"1":0,"2":0,"3":0,"4":0,"5":0,"6":0,"7":0,"8":0,"9":0,"10":0,"11":0,"12":0,"13":0,"14":0},"b":{"0":[0,0,0],"1":[0,0],"2":[0,0],"3":[0,0],"4":[0,0],"5":[0,0],"6":[0,0],"7":[0,0],"8":[0,0],"9":[0,0]}},"/home/travis/build/thibaudcolas/react-d3-electron/src/datasets.js":{"path":"/home/travis/build/thibaudcolas/react-d3-electron/src/datasets.js","statementMap":{"0":{"start":{"line":1,"column":13},"end":{"line":1,"column":75}},"1":{"start":{"line":1,"column":75},"end":{"line":1,"column":132}},"2":{"start":{"line":1,"column":144},"end":{"line":1,"column":159}},"3":{"start":{"line":1,"column":173},"end":{"line":1,"column":202}},"4":{"start":{"line":1,"column":241},"end":{"line":1,"column":295}},"5":{"start":{"line":10,"column":17},"end":{"line":131,"column":151}},"6":{"start":{"line":134,"column":13},"end":{"line":134,"column":73}},"7":{"start":{"line":134,"column":60},"end":{"line":134,"column":72}},"8":{"start":{"line":136,"column":16},"end":{"line":136,"column":48}},"9":{"start":{"line":138,"column":12},"end":{"line":140,"column":2}},"10":{"start":{"line":139,"column":2},"end":{"line":139,"column":22}},"11":{"start":{"line":142,"column":0},"end":{"line":142,"column":30}},"12":{"start":{"line":142,"column":18},"end":{"line":142,"column":28}},"13":{"start":{"line":142,"column":30},"end":{"line":144,"column":9}}},"fnMap":{"0":{"name":"_interopRequireDefault","decl":{"start":{"line":1,"column":212},"end":{"line":1,"column":234}},"loc":{"start":{"line":1,"column":240},"end":{"line":1,"column":296}},"line":1},"1":{"name":"(anonymous_1)","decl":{"start":{"line":134,"column":54},"end":{"line":134,"column":55}},"loc":{"start":{"line":134,"column":60},"end":{"line":134,"column":72}},"line":134},"2":{"name":"(anonymous_2)","decl":{"start":{"line":138,"column":46},"end":{"line":138,"column":47}},"loc":{"start":{"line":138,"column":58},"end":{"line":140,"column":1}},"line":138},"3":{"name":"(anonymous_3)","decl":{"start":{"line":142,"column":13},"end":{"line":142,"column":14}},"loc":{"start":{"line":142,"column":18},"end":{"line":142,"column":28}},"line":142}},"branchMap":{"0":{"loc":{"start":{"line":1,"column":248},"end":{"line":1,"column":294}},"type":"cond-expr","locations":[{"start":{"line":1,"column":272},"end":{"line":1,"column":275}},{"start":{"line":1,"column":278},"end":{"line":1,"column":294}}],"line":1},"1":{"loc":{"start":{"line":1,"column":248},"end":{"line":1,"column":269}},"type":"binary-expr","locations":[{"start":{"line":1,"column":248},"end":{"line":1,"column":251}},{"start":{"line":1,"column":255},"end":{"line":1,"column":269}}],"line":1}},"s":{"0":0,"1":0,"2":0,"3":0,"4":0,"5":0,"6":0,"7":0,"8":0,"9":0,"10":0,"11":0,"12":0,"13":0},"f":{"0":0,"1":0,"2":0,"3":0},"b":{"0":[0,0],"1":[0,0]}}}}